
*** Running vivado
    with args -log top.vds -m64 -product Vivado -mode batch -messageDb vivado.pb -notrace -source top.tcl


****** Vivado v2018.3 (64-bit)
  **** SW Build 2405991 on Thu Dec  6 23:38:27 MST 2018
  **** IP Build 2404404 on Fri Dec  7 01:43:56 MST 2018
    ** Copyright 1986-2018 Xilinx, Inc. All Rights Reserved.

source top.tcl -notrace
Command: synth_design -top top -part xc7z010clg400-1
Starting synth_design
Attempting to get a license for feature 'Synthesis' and/or device 'xc7z010'
INFO: [Common 17-349] Got license for feature 'Synthesis' and/or device 'xc7z010'
INFO: Launching helper process for spawning children vivado processes
INFO: Helper process launched with PID 11044 
---------------------------------------------------------------------------------
Starting RTL Elaboration : Time (s): cpu = 00:00:03 ; elapsed = 00:00:02 . Memory (MB): peak = 379.766 ; gain = 98.688
---------------------------------------------------------------------------------
INFO: [Synth 8-6157] synthesizing module 'top' [C:/Users/fumi/Zybo/practice_alu/practice_alu.srcs/sources_1/new/top.v:23]
INFO: [Synth 8-6157] synthesizing module 'alu' [C:/Users/fumi/Zybo/practice_alu/practice_alu.srcs/sources_1/new/alu.v:23]
INFO: [Synth 8-6155] done synthesizing module 'alu' (1#1) [C:/Users/fumi/Zybo/practice_alu/practice_alu.srcs/sources_1/new/alu.v:23]
WARNING: [Synth 8-6104] Input port 'y' has an internal driver [C:/Users/fumi/Zybo/practice_alu/practice_alu.srcs/sources_1/new/top.v:38]
INFO: [Synth 8-6155] done synthesizing module 'top' (2#1) [C:/Users/fumi/Zybo/practice_alu/practice_alu.srcs/sources_1/new/top.v:23]
---------------------------------------------------------------------------------
Finished RTL Elaboration : Time (s): cpu = 00:00:04 ; elapsed = 00:00:03 . Memory (MB): peak = 436.555 ; gain = 155.477
---------------------------------------------------------------------------------

Report Check Netlist: 
+------+------------------+-------+---------+-------+------------------+
|      |Item              |Errors |Warnings |Status |Description       |
+------+------------------+-------+---------+-------+------------------+
|1     |multi_driven_nets |      0|        0|Passed |Multi driven nets |
+------+------------------+-------+---------+-------+------------------+
---------------------------------------------------------------------------------
Start Handling Custom Attributes
---------------------------------------------------------------------------------
---------------------------------------------------------------------------------
Finished Handling Custom Attributes : Time (s): cpu = 00:00:04 ; elapsed = 00:00:03 . Memory (MB): peak = 436.555 ; gain = 155.477
---------------------------------------------------------------------------------
---------------------------------------------------------------------------------
Finished RTL Optimization Phase 1 : Time (s): cpu = 00:00:04 ; elapsed = 00:00:03 . Memory (MB): peak = 436.555 ; gain = 155.477
---------------------------------------------------------------------------------
