Vivado Simulator 2018.3
Copyright 1986-1999, 2001-2018 Xilinx, Inc. All Rights Reserved.
Running: C:/Xilinx/Vivado/2018.3/bin/unwrapped/win64.o/xelab.exe -wto c1c8f67327e6498a93ed45a1267058ce --incr --debug typical --relax --mt 2 -L xil_defaultlib -L unisims_ver -L unimacro_ver -L secureip --snapshot pattern_test2_behav xil_defaultlib.pattern_test2 xil_defaultlib.glbl -log elaborate.log 
Using 2 slave threads.
Starting static elaboration
Completed static elaboration
Starting simulation data flow analysis
WARNING: [XSIM 43-4100] "/wrk/2018.3/continuous/2018_12_06_2405991/data/verilog/src/unisims/BUFG.v" Line 27. Module BUFG has a timescale but at least one module in design doesn't have timescale.
WARNING: [XSIM 43-4100] "/wrk/2018.3/continuous/2018_12_06_2405991/data/verilog/src/unisims/MMCME2_BASE.v" Line 25. Module MMCME2_BASE(CLKFBOUT_MULT_F=25.0,CLKIN1_PERIOD=8.0,CLKOUT0_DIVIDE_F=25.0,DIVCLK_DIVIDE=5,REF_JITTER1=0.0) has a timescale but at least one module in design doesn't have timescale.
WARNING: [XSIM 43-4100] "/wrk/2018.3/continuous/2018_12_06_2405991/data/verilog/src/unisims/MMCME2_ADV.v" Line 123. Module MMCME2_ADV(CLKFBOUT_MULT_F=25.0,CLKIN1_PERIOD=8.0,CLKIN2_PERIOD=10.0,CLKOUT0_DIVIDE_F=25.0,DIVCLK_DIVIDE=5,REF_JITTER1=0.0) has a timescale but at least one module in design doesn't have timescale.
WARNING: [XSIM 43-4100] "C:/Users/fumi/Zybo/pattern/pattern.sim/sim_1/behav/xsim/glbl.v" Line 6. Module glbl has a timescale but at least one module in design doesn't have timescale.
Completed simulation data flow analysis
Time Resolution for simulation is 1ps
Compiling module unisims_ver.BUFG
Compiling module unisims_ver.MMCME2_ADV(CLKFBOUT_MULT_F=25.0,...
Compiling module unisims_ver.MMCME2_BASE(CLKFBOUT_MULT_F=25.0...
Compiling module xil_defaultlib.pckgen
Compiling module xil_defaultlib.syncgen
Compiling module xil_defaultlib.pattern
Compiling module xil_defaultlib.pattern_test2
Compiling module xil_defaultlib.glbl
Built simulation snapshot pattern_test2_behav
