
*** Running vivado
    with args -log vga_bmp.vdi -applog -m64 -product Vivado -messageDb vivado.pb -mode batch -source vga_bmp.tcl -notrace


****** Vivado v2018.3 (64-bit)
  **** SW Build 2405991 on Thu Dec  6 23:38:27 MST 2018
  **** IP Build 2404404 on Fri Dec  7 01:43:56 MST 2018
    ** Copyright 1986-2018 Xilinx, Inc. All Rights Reserved.

source vga_bmp.tcl -notrace
Command: link_design -top vga_bmp -part xc7z010clg400-1
Design is defaulting to srcset: sources_1
Design is defaulting to constrset: constrs_1
INFO: [Netlist 29-17] Analyzing 42 Unisim elements for replacement
INFO: [Netlist 29-28] Unisim Transformation completed in 0 CPU seconds
INFO: [Project 1-479] Netlist was created with Vivado 2018.3
INFO: [Device 21-403] Loading part xc7z010clg400-1
INFO: [Project 1-570] Preparing netlist for logic optimization
Parsing XDC File [C:/Users/fumi/Zybo/practice_VGA_BMP/practice_VGA_BMP.srcs/constrs_1/imports/gradation/gradation.xdc]
Finished Parsing XDC File [C:/Users/fumi/Zybo/practice_VGA_BMP/practice_VGA_BMP.srcs/constrs_1/imports/gradation/gradation.xdc]
INFO: [Opt 31-138] Pushed 0 inverter(s) to 0 load pin(s).
Netlist sorting complete. Time (s): cpu = 00:00:00 ; elapsed = 00:00:00 . Memory (MB): peak = 598.188 ; gain = 0.000
INFO: [Project 1-111] Unisim Transformation Summary:
No Unisim elements were transformed.

7 Infos, 0 Warnings, 0 Critical Warnings and 0 Errors encountered.
link_design completed successfully
link_design: Time (s): cpu = 00:00:06 ; elapsed = 00:00:07 . Memory (MB): peak = 602.195 ; gain = 329.105
Command: opt_design
Attempting to get a license for feature 'Implementation' and/or device 'xc7z010'
INFO: [Common 17-349] Got license for feature 'Implementation' and/or device 'xc7z010'
Running DRC as a precondition to command opt_design

Starting DRC Task
INFO: [DRC 23-27] Running DRC with 2 threads
INFO: [Project 1-461] DRC finished with 0 Errors
INFO: [Project 1-462] Please refer to the DRC report (report_drc) for more information.

Time (s): cpu = 00:00:02 ; elapsed = 00:00:00.885 . Memory (MB): peak = 610.707 ; gain = 8.512

Starting Cache Timing Information Task
INFO: [Timing 38-35] Done setting XDC timing constraints.
INFO: [Timing 38-2] Deriving generated clocks
Ending Cache Timing Information Task | Checksum: 1024de356

Time (s): cpu = 00:00:09 ; elapsed = 00:00:10 . Memory (MB): peak = 1147.871 ; gain = 537.164

Starting Logic Optimization Task

Phase 1 Retarget
INFO: [Opt 31-138] Pushed 1 inverter(s) to 18 load pin(s).
INFO: [Opt 31-49] Retargeted 0 cell(s).
Phase 1 Retarget | Checksum: 11770fde4

Time (s): cpu = 00:00:00 ; elapsed = 00:00:00.039 . Memory (MB): peak = 1244.941 ; gain = 0.000
INFO: [Opt 31-389] Phase Retarget created 0 cells and removed 1 cells

Phase 2 Constant propagation
INFO: [Opt 31-138] Pushed 0 inverter(s) to 0 load pin(s).
Phase 2 Constant propagation | Checksum: 11770fde4

Time (s): cpu = 00:00:00 ; elapsed = 00:00:00.042 . Memory (MB): peak = 1244.941 ; gain = 0.000
INFO: [Opt 31-389] Phase Constant propagation created 0 cells and removed 0 cells

Phase 3 Sweep
Phase 3 Sweep | Checksum: 11d35700b

Time (s): cpu = 00:00:00 ; elapsed = 00:00:00.053 . Memory (MB): peak = 1244.941 ; gain = 0.000
INFO: [Opt 31-389] Phase Sweep created 0 cells and removed 0 cells

Phase 4 BUFG optimization
INFO: [Opt 31-194] Inserted BUFG syncgen/pckgen/iPCK_BUFG_inst to drive 0 load(s) on clock net syncgen/pckgen/iPCK_BUFG
INFO: [Opt 31-193] Inserted 1 BUFG(s) on clock nets
Phase 4 BUFG optimization | Checksum: b21e7fcb

Time (s): cpu = 00:00:00 ; elapsed = 00:00:00.073 . Memory (MB): peak = 1244.941 ; gain = 0.000
INFO: [Opt 31-662] Phase BUFG optimization created 0 cells of which 0 are BUFGs and removed 0 cells.

Phase 5 Shift Register Optimization
Phase 5 Shift Register Optimization | Checksum: 19db5ab0a

Time (s): cpu = 00:00:00 ; elapsed = 00:00:00.103 . Memory (MB): peak = 1244.941 ; gain = 0.000
INFO: [Opt 31-389] Phase Shift Register Optimization created 0 cells and removed 0 cells

Phase 6 Post Processing Netlist
Phase 6 Post Processing Netlist | Checksum: 121f727e4

Time (s): cpu = 00:00:00 ; elapsed = 00:00:00.106 . Memory (MB): peak = 1244.941 ; gain = 0.000
INFO: [Opt 31-389] Phase Post Processing Netlist created 0 cells and removed 0 cells
Opt_design Change Summary
=========================


-------------------------------------------------------------------------------------------------------------------------
|  Phase                        |  #Cells created  |  #Cells Removed  |  #Constrained objects preventing optimizations  |
-------------------------------------------------------------------------------------------------------------------------
|  Retarget                     |               0  |               1  |                                              0  |
|  Constant propagation         |               0  |               0  |                                              0  |
|  Sweep                        |               0  |               0  |                                              0  |
|  BUFG optimization            |               0  |               0  |                                              0  |
|  Shift Register Optimization  |               0  |               0  |                                              0  |
|  Post Processing Netlist      |               0  |               0  |                                              0  |
-------------------------------------------------------------------------------------------------------------------------



Starting Connectivity Check Task

Time (s): cpu = 00:00:00 ; elapsed = 00:00:00.001 . Memory (MB): peak = 1244.941 ; gain = 0.000
Ending Logic Optimization Task | Checksum: 121f727e4

Time (s): cpu = 00:00:00 ; elapsed = 00:00:00.110 . Memory (MB): peak = 1244.941 ; gain = 0.000

Starting Power Optimization Task
INFO: [Pwropt 34-132] Skipping clock gating for clocks with a period < 2.00 ns.
INFO: [Timing 38-35] Done setting XDC timing constraints.
INFO: [Physopt 32-619] Estimated Timing Summary | WNS=3.763 | TNS=0.000 |
Running Vector-less Activity Propagation...

Finished Running Vector-less Activity Propagation
INFO: [Pwropt 34-9] Applying IDT optimizations ...
INFO: [Pwropt 34-10] Applying ODC optimizations ...


Starting PowerOpt Patch Enables Task
INFO: [Pwropt 34-162] WRITE_MODE attribute of 0 BRAM(s) out of a total of 36 has been updated to save power. Run report_power_opt to get a complete listing of the BRAMs updated.
INFO: [Pwropt 34-201] Structural ODC has moved 0 WE to EN ports
Number of BRAM Ports augmented: 18 newly gated: 0 Total Ports: 72
Number of Flops added for Enable Generation: 2

Ending PowerOpt Patch Enables Task | Checksum: 1001d318d

Time (s): cpu = 00:00:00 ; elapsed = 00:00:00.218 . Memory (MB): peak = 1378.973 ; gain = 0.000
Ending Power Optimization Task | Checksum: 1001d318d

Time (s): cpu = 00:00:03 ; elapsed = 00:00:03 . Memory (MB): peak = 1378.973 ; gain = 134.031

Starting Final Cleanup Task

Starting Logic Optimization Task
INFO: [Timing 38-35] Done setting XDC timing constraints.
INFO: [Opt 31-194] Inserted BUFG syncgen/pckgen/iPCK_BUFG_inst to drive 0 load(s) on clock net syncgen/pckgen/iPCK_BUFG
INFO: [Opt 31-193] Inserted 1 BUFG(s) on clock nets
Ending Logic Optimization Task | Checksum: 1d747665e

Time (s): cpu = 00:00:00 ; elapsed = 00:00:00.124 . Memory (MB): peak = 1378.973 ; gain = 0.000
Ending Final Cleanup Task | Checksum: 1d747665e

Time (s): cpu = 00:00:02 ; elapsed = 00:00:01 . Memory (MB): peak = 1378.973 ; gain = 0.000

Starting Netlist Obfuscation Task
Netlist sorting complete. Time (s): cpu = 00:00:00 ; elapsed = 00:00:00 . Memory (MB): peak = 1378.973 ; gain = 0.000
Ending Netlist Obfuscation Task | Checksum: 1d747665e

Time (s): cpu = 00:00:00 ; elapsed = 00:00:00 . Memory (MB): peak = 1378.973 ; gain = 0.000
INFO: [Common 17-83] Releasing license: Implementation
35 Infos, 0 Warnings, 0 Critical Warnings and 0 Errors encountered.
opt_design completed successfully
opt_design: Time (s): cpu = 00:00:17 ; elapsed = 00:00:16 . Memory (MB): peak = 1378.973 ; gain = 776.777
Netlist sorting complete. Time (s): cpu = 00:00:00 ; elapsed = 00:00:00 . Memory (MB): peak = 1378.973 ; gain = 0.000
INFO: [Timing 38-480] Writing timing data to binary archive.
Writing placer database...
Writing XDEF routing.
Writing XDEF routing logical nets.
Writing XDEF routing special nets.
Write XDEF Complete: Time (s): cpu = 00:00:00 ; elapsed = 00:00:00.066 . Memory (MB): peak = 1378.973 ; gain = 0.000
Netlist sorting complete. Time (s): cpu = 00:00:00 ; elapsed = 00:00:00.001 . Memory (MB): peak = 1378.973 ; gain = 0.000
INFO: [Common 17-1381] The checkpoint 'C:/Users/fumi/Zybo/practice_VGA_BMP/practice_VGA_BMP.runs/impl_1/vga_bmp_opt.dcp' has been generated.
INFO: [runtcl-4] Executing : report_drc -file vga_bmp_drc_opted.rpt -pb vga_bmp_drc_opted.pb -rpx vga_bmp_drc_opted.rpx
Command: report_drc -file vga_bmp_drc_opted.rpt -pb vga_bmp_drc_opted.pb -rpx vga_bmp_drc_opted.rpx
INFO: [IP_Flow 19-234] Refreshing IP repositories
INFO: [IP_Flow 19-1704] No user IP repositories specified
INFO: [IP_Flow 19-2313] Loaded Vivado IP repository 'C:/Xilinx/Vivado/2018.3/data/ip'.
INFO: [DRC 23-27] Running DRC with 2 threads
INFO: [Coretcl 2-168] The results of DRC are in file C:/Users/fumi/Zybo/practice_VGA_BMP/practice_VGA_BMP.runs/impl_1/vga_bmp_drc_opted.rpt.
report_drc completed successfully
Command: place_design
Attempting to get a license for feature 'Implementation' and/or device 'xc7z010'
INFO: [Common 17-349] Got license for feature 'Implementation' and/or device 'xc7z010'
INFO: [DRC 23-27] Running DRC with 2 threads
INFO: [Vivado_Tcl 4-198] DRC finished with 0 Errors
INFO: [Vivado_Tcl 4-199] Please refer to the DRC report (report_drc) for more information.
Running DRC as a precondition to command place_design
INFO: [DRC 23-27] Running DRC with 2 threads
INFO: [Vivado_Tcl 4-198] DRC finished with 0 Errors
INFO: [Vivado_Tcl 4-199] Please refer to the DRC report (report_drc) for more information.

Starting Placer Task
INFO: [Place 30-611] Multithreading enabled for place_design using a maximum of 2 CPUs

Phase 1 Placer Initialization

Phase 1.1 Placer Initialization Netlist Sorting
Netlist sorting complete. Time (s): cpu = 00:00:00 ; elapsed = 00:00:00 . Memory (MB): peak = 1378.973 ; gain = 0.000
Phase 1.1 Placer Initialization Netlist Sorting | Checksum: e1dfa8fc

Time (s): cpu = 00:00:00 ; elapsed = 00:00:00.003 . Memory (MB): peak = 1378.973 ; gain = 0.000
Netlist sorting complete. Time (s): cpu = 00:00:00 ; elapsed = 00:00:00 . Memory (MB): peak = 1378.973 ; gain = 0.000

Phase 1.2 IO Placement/ Clock Placement/ Build Placer Device
INFO: [Timing 38-35] Done setting XDC timing constraints.
Phase 1.2 IO Placement/ Clock Placement/ Build Placer Device | Checksum: e9ffae0d

Time (s): cpu = 00:00:00 ; elapsed = 00:00:00.383 . Memory (MB): peak = 1378.973 ; gain = 0.000

Phase 1.3 Build Placer Netlist Model
Phase 1.3 Build Placer Netlist Model | Checksum: 1e7ec7714

Time (s): cpu = 00:00:01 ; elapsed = 00:00:00.586 . Memory (MB): peak = 1378.973 ; gain = 0.000

Phase 1.4 Constrain Clocks/Macros
Phase 1.4 Constrain Clocks/Macros | Checksum: 1e7ec7714

Time (s): cpu = 00:00:01 ; elapsed = 00:00:00.587 . Memory (MB): peak = 1378.973 ; gain = 0.000
Phase 1 Placer Initialization | Checksum: 1e7ec7714

Time (s): cpu = 00:00:01 ; elapsed = 00:00:00.588 . Memory (MB): peak = 1378.973 ; gain = 0.000

Phase 2 Global Placement

Phase 2.1 Floorplanning
Phase 2.1 Floorplanning | Checksum: 102c0b8d4

Time (s): cpu = 00:00:01 ; elapsed = 00:00:00.648 . Memory (MB): peak = 1378.973 ; gain = 0.000

Phase 2.2 Physical Synthesis In Placer
INFO: [Physopt 32-65] No nets found for high-fanout optimization.
INFO: [Physopt 32-232] Optimized 0 net. Created 0 new instance.
INFO: [Physopt 32-775] End 1 Pass. Optimized 0 net or cell. Created 0 new cell, deleted 0 existing cell and moved 0 existing cell
INFO: [Physopt 32-670] No setup violation found.  DSP Register Optimization was not performed.
INFO: [Physopt 32-670] No setup violation found.  Shift Register Optimization was not performed.
INFO: [Physopt 32-670] No setup violation found.  BRAM Register Optimization was not performed.
INFO: [Physopt 32-949] No candidate nets found for HD net replication
INFO: [Physopt 32-775] End 1 Pass. Optimized 0 net or cell. Created 0 new cell, deleted 0 existing cell and moved 0 existing cell
Netlist sorting complete. Time (s): cpu = 00:00:00 ; elapsed = 00:00:00 . Memory (MB): peak = 1378.973 ; gain = 0.000

Summary of Physical Synthesis Optimizations
============================================


----------------------------------------------------------------------------------------------------------------------------------------
|  Optimization                  |  Added Cells  |  Removed Cells  |  Optimized Cells/Nets  |  Dont Touch  |  Iterations  |  Elapsed   |
----------------------------------------------------------------------------------------------------------------------------------------
|  Very High Fanout              |            0  |              0  |                     0  |           0  |           1  |  00:00:00  |
|  DSP Register                  |            0  |              0  |                     0  |           0  |           0  |  00:00:00  |
|  Shift Register                |            0  |              0  |                     0  |           0  |           0  |  00:00:00  |
|  BRAM Register                 |            0  |              0  |                     0  |           0  |           0  |  00:00:00  |
|  HD Interface Net Replication  |            0  |              0  |                     0  |           0  |           1  |  00:00:00  |
|  Total                         |            0  |              0  |                     0  |           0  |           2  |  00:00:00  |
----------------------------------------------------------------------------------------------------------------------------------------


Phase 2.2 Physical Synthesis In Placer | Checksum: 21d4901b2

Time (s): cpu = 00:00:04 ; elapsed = 00:00:02 . Memory (MB): peak = 1378.973 ; gain = 0.000
Phase 2 Global Placement | Checksum: 24a74c7b9

Time (s): cpu = 00:00:04 ; elapsed = 00:00:03 . Memory (MB): peak = 1378.973 ; gain = 0.000

Phase 3 Detail Placement

Phase 3.1 Commit Multi Column Macros
Phase 3.1 Commit Multi Column Macros | Checksum: 24a74c7b9

Time (s): cpu = 00:00:04 ; elapsed = 00:00:03 . Memory (MB): peak = 1378.973 ; gain = 0.000

Phase 3.2 Commit Most Macros & LUTRAMs
Phase 3.2 Commit Most Macros & LUTRAMs | Checksum: 1aba24476

Time (s): cpu = 00:00:04 ; elapsed = 00:00:03 . Memory (MB): peak = 1378.973 ; gain = 0.000

Phase 3.3 Area Swap Optimization
Phase 3.3 Area Swap Optimization | Checksum: 17f6de21d

Time (s): cpu = 00:00:04 ; elapsed = 00:00:03 . Memory (MB): peak = 1378.973 ; gain = 0.000

Phase 3.4 Pipeline Register Optimization
Phase 3.4 Pipeline Register Optimization | Checksum: 19d343a2e

Time (s): cpu = 00:00:04 ; elapsed = 00:00:03 . Memory (MB): peak = 1378.973 ; gain = 0.000

Phase 3.5 Small Shape Detail Placement
Phase 3.5 Small Shape Detail Placement | Checksum: 252e0f974

Time (s): cpu = 00:00:05 ; elapsed = 00:00:03 . Memory (MB): peak = 1378.973 ; gain = 0.000

Phase 3.6 Re-assign LUT pins
Phase 3.6 Re-assign LUT pins | Checksum: 247d897a8

Time (s): cpu = 00:00:05 ; elapsed = 00:00:03 . Memory (MB): peak = 1378.973 ; gain = 0.000

Phase 3.7 Pipeline Register Optimization
Phase 3.7 Pipeline Register Optimization | Checksum: 1ab9e9fb7

Time (s): cpu = 00:00:05 ; elapsed = 00:00:03 . Memory (MB): peak = 1378.973 ; gain = 0.000
Phase 3 Detail Placement | Checksum: 1ab9e9fb7

Time (s): cpu = 00:00:05 ; elapsed = 00:00:03 . Memory (MB): peak = 1378.973 ; gain = 0.000

Phase 4 Post Placement Optimization and Clean-Up

Phase 4.1 Post Commit Optimization
INFO: [Timing 38-35] Done setting XDC timing constraints.

Phase 4.1.1 Post Placement Optimization
Post Placement Optimization Initialization | Checksum: 1f8aad860

Phase 4.1.1.1 BUFG Insertion
INFO: [Place 46-46] BUFG insertion identified 0 candidate nets, 0 success, 0 bufg driver replicated, 0 skipped for placement/routing, 0 skipped for timing, 0 skipped for netlist change reason
Phase 4.1.1.1 BUFG Insertion | Checksum: 1f8aad860

Time (s): cpu = 00:00:05 ; elapsed = 00:00:03 . Memory (MB): peak = 1378.973 ; gain = 0.000
INFO: [Place 30-746] Post Placement Timing Summary WNS=0.517. For the most accurate timing information please run report_timing.
Phase 4.1.1 Post Placement Optimization | Checksum: fa8f7a68

Time (s): cpu = 00:00:11 ; elapsed = 00:00:09 . Memory (MB): peak = 1378.973 ; gain = 0.000
Phase 4.1 Post Commit Optimization | Checksum: fa8f7a68

Time (s): cpu = 00:00:11 ; elapsed = 00:00:09 . Memory (MB): peak = 1378.973 ; gain = 0.000

Phase 4.2 Post Placement Cleanup
Phase 4.2 Post Placement Cleanup | Checksum: fa8f7a68

Time (s): cpu = 00:00:11 ; elapsed = 00:00:09 . Memory (MB): peak = 1378.973 ; gain = 0.000

Phase 4.3 Placer Reporting
Phase 4.3 Placer Reporting | Checksum: fa8f7a68

Time (s): cpu = 00:00:11 ; elapsed = 00:00:09 . Memory (MB): peak = 1378.973 ; gain = 0.000

Phase 4.4 Final Placement Cleanup
Netlist sorting complete. Time (s): cpu = 00:00:00 ; elapsed = 00:00:00 . Memory (MB): peak = 1378.973 ; gain = 0.000
Phase 4.4 Final Placement Cleanup | Checksum: bb27678f

Time (s): cpu = 00:00:11 ; elapsed = 00:00:09 . Memory (MB): peak = 1378.973 ; gain = 0.000
Phase 4 Post Placement Optimization and Clean-Up | Checksum: bb27678f

Time (s): cpu = 00:00:11 ; elapsed = 00:00:09 . Memory (MB): peak = 1378.973 ; gain = 0.000
Ending Placer Task | Checksum: 4e50ce3e

Time (s): cpu = 00:00:11 ; elapsed = 00:00:09 . Memory (MB): peak = 1378.973 ; gain = 0.000
INFO: [Common 17-83] Releasing license: Implementation
64 Infos, 0 Warnings, 0 Critical Warnings and 0 Errors encountered.
place_design completed successfully
place_design: Time (s): cpu = 00:00:13 ; elapsed = 00:00:10 . Memory (MB): peak = 1378.973 ; gain = 0.000
Netlist sorting complete. Time (s): cpu = 00:00:00 ; elapsed = 00:00:00 . Memory (MB): peak = 1378.973 ; gain = 0.000
INFO: [Timing 38-480] Writing timing data to binary archive.
Writing placer database...
Writing XDEF routing.
Writing XDEF routing logical nets.
Writing XDEF routing special nets.
Netlist sorting complete. Time (s): cpu = 00:00:00 ; elapsed = 00:00:00 . Memory (MB): peak = 1378.973 ; gain = 0.000
Write XDEF Complete: Time (s): cpu = 00:00:00 ; elapsed = 00:00:00.124 . Memory (MB): peak = 1378.973 ; gain = 0.000
INFO: [Common 17-1381] The checkpoint 'C:/Users/fumi/Zybo/practice_VGA_BMP/practice_VGA_BMP.runs/impl_1/vga_bmp_placed.dcp' has been generated.
INFO: [runtcl-4] Executing : report_io -file vga_bmp_io_placed.rpt
report_io: Time (s): cpu = 00:00:00 ; elapsed = 00:00:00.057 . Memory (MB): peak = 1378.973 ; gain = 0.000
INFO: [runtcl-4] Executing : report_utilization -file vga_bmp_utilization_placed.rpt -pb vga_bmp_utilization_placed.pb
INFO: [runtcl-4] Executing : report_control_sets -verbose -file vga_bmp_control_sets_placed.rpt
report_control_sets: Time (s): cpu = 00:00:00 ; elapsed = 00:00:00.007 . Memory (MB): peak = 1378.973 ; gain = 0.000
Command: route_design
Attempting to get a license for feature 'Implementation' and/or device 'xc7z010'
INFO: [Common 17-349] Got license for feature 'Implementation' and/or device 'xc7z010'
Running DRC as a precondition to command route_design
INFO: [DRC 23-27] Running DRC with 2 threads
INFO: [Vivado_Tcl 4-198] DRC finished with 0 Errors
INFO: [Vivado_Tcl 4-199] Please refer to the DRC report (report_drc) for more information.


Starting Routing Task
INFO: [Route 35-254] Multithreading enabled for route_design using a maximum of 2 CPUs
Checksum: PlaceDB: 22186482 ConstDB: 0 ShapeSum: 2c3869bc RouteDB: 0

Phase 1 Build RT Design
Phase 1 Build RT Design | Checksum: 183dab37a

Time (s): cpu = 00:00:15 ; elapsed = 00:00:14 . Memory (MB): peak = 1378.973 ; gain = 0.000
Post Restoration Checksum: NetGraph: b659b38a NumContArr: cd80fff0 Constraints: 0 Timing: 0

Phase 2 Router Initialization

Phase 2.1 Create Timer
Phase 2.1 Create Timer | Checksum: 183dab37a

Time (s): cpu = 00:00:15 ; elapsed = 00:00:14 . Memory (MB): peak = 1382.828 ; gain = 3.855

Phase 2.2 Fix Topology Constraints
Phase 2.2 Fix Topology Constraints | Checksum: 183dab37a

Time (s): cpu = 00:00:15 ; elapsed = 00:00:14 . Memory (MB): peak = 1388.855 ; gain = 9.883

Phase 2.3 Pre Route Cleanup
Phase 2.3 Pre Route Cleanup | Checksum: 183dab37a

Time (s): cpu = 00:00:15 ; elapsed = 00:00:14 . Memory (MB): peak = 1388.855 ; gain = 9.883
 Number of Nodes with overlaps = 0

Phase 2.4 Update Timing
Phase 2.4 Update Timing | Checksum: a188fddd

Time (s): cpu = 00:00:16 ; elapsed = 00:00:14 . Memory (MB): peak = 1395.195 ; gain = 16.223
INFO: [Route 35-416] Intermediate Timing Summary | WNS=0.630  | TNS=0.000  | WHS=-1.935 | THS=-18.150|

Phase 2 Router Initialization | Checksum: 117fddbc7

Time (s): cpu = 00:00:16 ; elapsed = 00:00:15 . Memory (MB): peak = 1395.195 ; gain = 16.223

Phase 3 Initial Routing
Phase 3 Initial Routing | Checksum: 222dd040e

Time (s): cpu = 00:00:20 ; elapsed = 00:00:17 . Memory (MB): peak = 1412.031 ; gain = 33.059

Phase 4 Rip-up And Reroute

Phase 4.1 Global Iteration 0
 Number of Nodes with overlaps = 3
 Number of Nodes with overlaps = 0
INFO: [Route 35-416] Intermediate Timing Summary | WNS=0.413  | TNS=0.000  | WHS=N/A    | THS=N/A    |

Phase 4.1 Global Iteration 0 | Checksum: 1ef152aba

Time (s): cpu = 00:00:21 ; elapsed = 00:00:18 . Memory (MB): peak = 1412.031 ; gain = 33.059

Phase 4.2 Global Iteration 1
 Number of Nodes with overlaps = 1
 Number of Nodes with overlaps = 0
INFO: [Route 35-416] Intermediate Timing Summary | WNS=0.413  | TNS=0.000  | WHS=N/A    | THS=N/A    |

Phase 4.2 Global Iteration 1 | Checksum: 1d2684e87

Time (s): cpu = 00:00:21 ; elapsed = 00:00:18 . Memory (MB): peak = 1412.031 ; gain = 33.059
Phase 4 Rip-up And Reroute | Checksum: 1d2684e87

Time (s): cpu = 00:00:21 ; elapsed = 00:00:18 . Memory (MB): peak = 1412.031 ; gain = 33.059

Phase 5 Delay and Skew Optimization

Phase 5.1 Delay CleanUp
Phase 5.1 Delay CleanUp | Checksum: 1d2684e87

Time (s): cpu = 00:00:21 ; elapsed = 00:00:18 . Memory (MB): peak = 1412.031 ; gain = 33.059

Phase 5.2 Clock Skew Optimization
Phase 5.2 Clock Skew Optimization | Checksum: 1d2684e87

Time (s): cpu = 00:00:21 ; elapsed = 00:00:18 . Memory (MB): peak = 1412.031 ; gain = 33.059
Phase 5 Delay and Skew Optimization | Checksum: 1d2684e87

Time (s): cpu = 00:00:21 ; elapsed = 00:00:18 . Memory (MB): peak = 1412.031 ; gain = 33.059

Phase 6 Post Hold Fix

Phase 6.1 Hold Fix Iter

Phase 6.1.1 Update Timing
Phase 6.1.1 Update Timing | Checksum: 1dfe2d62f

Time (s): cpu = 00:00:21 ; elapsed = 00:00:18 . Memory (MB): peak = 1412.031 ; gain = 33.059
INFO: [Route 35-416] Intermediate Timing Summary | WNS=0.413  | TNS=0.000  | WHS=0.041  | THS=0.000  |

Phase 6.1 Hold Fix Iter | Checksum: 24a8ad88a

Time (s): cpu = 00:00:21 ; elapsed = 00:00:18 . Memory (MB): peak = 1412.031 ; gain = 33.059
Phase 6 Post Hold Fix | Checksum: 24a8ad88a

Time (s): cpu = 00:00:21 ; elapsed = 00:00:18 . Memory (MB): peak = 1412.031 ; gain = 33.059

Phase 7 Route finalize

Router Utilization Summary
  Global Vertical Routing Utilization    = 1.16329 %
  Global Horizontal Routing Utilization  = 0.793888 %
  Routable Net Status*
  *Does not include unroutable nets such as driverless and loadless.
  Run report_route_status for detailed report.
  Number of Failed Nets               = 0
  Number of Unrouted Nets             = 0
  Number of Partially Routed Nets     = 0
  Number of Node Overlaps             = 0

Phase 7 Route finalize | Checksum: 23ca8c088

Time (s): cpu = 00:00:21 ; elapsed = 00:00:18 . Memory (MB): peak = 1412.031 ; gain = 33.059

Phase 8 Verifying routed nets

 Verification completed successfully
Phase 8 Verifying routed nets | Checksum: 23ca8c088

Time (s): cpu = 00:00:21 ; elapsed = 00:00:18 . Memory (MB): peak = 1412.031 ; gain = 33.059

Phase 9 Depositing Routes
Phase 9 Depositing Routes | Checksum: 194a8a3a6

Time (s): cpu = 00:00:21 ; elapsed = 00:00:18 . Memory (MB): peak = 1412.031 ; gain = 33.059

Phase 10 Post Router Timing
INFO: [Route 35-57] Estimated Timing Summary | WNS=0.413  | TNS=0.000  | WHS=0.041  | THS=0.000  |

INFO: [Route 35-327] The final timing numbers are based on the router estimated timing analysis. For a complete and accurate timing signoff, please run report_timing_summary.
Phase 10 Post Router Timing | Checksum: 194a8a3a6

Time (s): cpu = 00:00:21 ; elapsed = 00:00:18 . Memory (MB): peak = 1412.031 ; gain = 33.059
INFO: [Route 35-16] Router Completed Successfully

Time (s): cpu = 00:00:21 ; elapsed = 00:00:18 . Memory (MB): peak = 1412.031 ; gain = 33.059

Routing Is Done.
INFO: [Common 17-83] Releasing license: Implementation
82 Infos, 0 Warnings, 0 Critical Warnings and 0 Errors encountered.
route_design completed successfully
route_design: Time (s): cpu = 00:00:23 ; elapsed = 00:00:19 . Memory (MB): peak = 1412.031 ; gain = 33.059
Netlist sorting complete. Time (s): cpu = 00:00:00 ; elapsed = 00:00:00 . Memory (MB): peak = 1412.031 ; gain = 0.000
INFO: [Timing 38-480] Writing timing data to binary archive.
Writing placer database...
Writing XDEF routing.
Netlist sorting complete. Time (s): cpu = 00:00:00 ; elapsed = 00:00:00 . Memory (MB): peak = 1412.031 ; gain = 0.000
Writing XDEF routing logical nets.
Writing XDEF routing special nets.
Write XDEF Complete: Time (s): cpu = 00:00:00 ; elapsed = 00:00:00.165 . Memory (MB): peak = 1412.031 ; gain = 0.000
INFO: [Common 17-1381] The checkpoint 'C:/Users/fumi/Zybo/practice_VGA_BMP/practice_VGA_BMP.runs/impl_1/vga_bmp_routed.dcp' has been generated.
INFO: [runtcl-4] Executing : report_drc -file vga_bmp_drc_routed.rpt -pb vga_bmp_drc_routed.pb -rpx vga_bmp_drc_routed.rpx
Command: report_drc -file vga_bmp_drc_routed.rpt -pb vga_bmp_drc_routed.pb -rpx vga_bmp_drc_routed.rpx
INFO: [IP_Flow 19-1839] IP Catalog is up to date.
INFO: [DRC 23-27] Running DRC with 2 threads
INFO: [Coretcl 2-168] The results of DRC are in file C:/Users/fumi/Zybo/practice_VGA_BMP/practice_VGA_BMP.runs/impl_1/vga_bmp_drc_routed.rpt.
report_drc completed successfully
INFO: [runtcl-4] Executing : report_methodology -file vga_bmp_methodology_drc_routed.rpt -pb vga_bmp_methodology_drc_routed.pb -rpx vga_bmp_methodology_drc_routed.rpx
Command: report_methodology -file vga_bmp_methodology_drc_routed.rpt -pb vga_bmp_methodology_drc_routed.pb -rpx vga_bmp_methodology_drc_routed.rpx
INFO: [Timing 38-35] Done setting XDC timing constraints.
INFO: [DRC 23-133] Running Methodology with 2 threads
INFO: [Coretcl 2-1520] The results of Report Methodology are in file C:/Users/fumi/Zybo/practice_VGA_BMP/practice_VGA_BMP.runs/impl_1/vga_bmp_methodology_drc_routed.rpt.
report_methodology completed successfully
INFO: [runtcl-4] Executing : report_power -file vga_bmp_power_routed.rpt -pb vga_bmp_power_summary_routed.pb -rpx vga_bmp_power_routed.rpx
Command: report_power -file vga_bmp_power_routed.rpt -pb vga_bmp_power_summary_routed.pb -rpx vga_bmp_power_routed.rpx
INFO: [Timing 38-35] Done setting XDC timing constraints.
Running Vector-less Activity Propagation...

Finished Running Vector-less Activity Propagation
94 Infos, 0 Warnings, 0 Critical Warnings and 0 Errors encountered.
report_power completed successfully
INFO: [runtcl-4] Executing : report_route_status -file vga_bmp_route_status.rpt -pb vga_bmp_route_status.pb
INFO: [runtcl-4] Executing : report_timing_summary -max_paths 10 -file vga_bmp_timing_summary_routed.rpt -pb vga_bmp_timing_summary_routed.pb -rpx vga_bmp_timing_summary_routed.rpx -warn_on_violation 
INFO: [Timing 38-91] UpdateTimingParams: Speed grade: -1, Delay Type: min_max.
INFO: [Timing 38-191] Multithreading enabled for timing update using a maximum of 2 CPUs
INFO: [runtcl-4] Executing : report_incremental_reuse -file vga_bmp_incremental_reuse_routed.rpt
INFO: [Vivado_Tcl 4-1062] Incremental flow is disabled. No incremental reuse Info to report.
INFO: [runtcl-4] Executing : report_clock_utilization -file vga_bmp_clock_utilization_routed.rpt
INFO: [runtcl-4] Executing : report_bus_skew -warn_on_violation -file vga_bmp_bus_skew_routed.rpt -pb vga_bmp_bus_skew_routed.pb -rpx vga_bmp_bus_skew_routed.rpx
INFO: [Timing 38-91] UpdateTimingParams: Speed grade: -1, Delay Type: min_max.
INFO: [Timing 38-191] Multithreading enabled for timing update using a maximum of 2 CPUs
Command: write_bitstream -force vga_bmp.bit
Attempting to get a license for feature 'Implementation' and/or device 'xc7z010'
INFO: [Common 17-349] Got license for feature 'Implementation' and/or device 'xc7z010'
Running DRC as a precondition to command write_bitstream
INFO: [IP_Flow 19-1839] IP Catalog is up to date.
INFO: [DRC 23-27] Running DRC with 2 threads
WARNING: [DRC ZPS7-1] PS7 block required: The PS7 cell must be used in this Zynq design in order to enable correct default configuration.
INFO: [Vivado 12-3199] DRC finished with 0 Errors, 1 Warnings
INFO: [Vivado 12-3200] Please refer to the DRC report (report_drc) for more information.
INFO: [Designutils 20-2272] Running write_bitstream with 2 threads.
Loading data files...
Loading site data...
Loading route data...
Processing options...
Creating bitmap...
Creating bitstream...
Writing bitstream ./vga_bmp.bit...
INFO: [Vivado 12-1842] Bitgen Completed Successfully.
INFO: [Project 1-120] WebTalk data collection is mandatory when using a WebPACK part without a full Vivado license. To see the specific WebTalk data collected for your design, open the usage_statistics_webtalk.html or usage_statistics_webtalk.xml file in the implementation directory.
INFO: [Common 17-186] 'C:/Users/fumi/Zybo/practice_VGA_BMP/practice_VGA_BMP.runs/impl_1/usage_statistics_webtalk.xml' has been successfully sent to Xilinx on Wed Jul 24 23:24:01 2019. For additional details about this file, please refer to the WebTalk help file at C:/Xilinx/Vivado/2018.3/doc/webtalk_introduction.html.
INFO: [Common 17-83] Releasing license: Implementation
114 Infos, 1 Warnings, 0 Critical Warnings and 0 Errors encountered.
write_bitstream completed successfully
write_bitstream: Time (s): cpu = 00:00:16 ; elapsed = 00:00:16 . Memory (MB): peak = 1839.242 ; gain = 406.223
INFO: [Common 17-206] Exiting Vivado at Wed Jul 24 23:24:01 2019...
