
*** Running vivado
    with args -log gradation.vdi -applog -m64 -product Vivado -messageDb vivado.pb -mode batch -source gradation.tcl -notrace


****** Vivado v2018.3 (64-bit)
  **** SW Build 2405991 on Thu Dec  6 23:38:27 MST 2018
  **** IP Build 2404404 on Fri Dec  7 01:43:56 MST 2018
    ** Copyright 1986-2018 Xilinx, Inc. All Rights Reserved.

source gradation.tcl -notrace
Command: link_design -top gradation -part xc7z010clg400-1
Design is defaulting to srcset: sources_1
Design is defaulting to constrset: constrs_1
INFO: [Netlist 29-17] Analyzing 5 Unisim elements for replacement
INFO: [Netlist 29-28] Unisim Transformation completed in 0 CPU seconds
INFO: [Project 1-479] Netlist was created with Vivado 2018.3
INFO: [Device 21-403] Loading part xc7z010clg400-1
INFO: [Project 1-570] Preparing netlist for logic optimization
Parsing XDC File [C:/Users/fumi/Zybo/practice_VGA/practice_VGA.srcs/constrs_1/imports/gradation/gradation.xdc]
Finished Parsing XDC File [C:/Users/fumi/Zybo/practice_VGA/practice_VGA.srcs/constrs_1/imports/gradation/gradation.xdc]
INFO: [Opt 31-138] Pushed 0 inverter(s) to 0 load pin(s).
Netlist sorting complete. Time (s): cpu = 00:00:00 ; elapsed = 00:00:00 . Memory (MB): peak = 596.598 ; gain = 0.000
INFO: [Project 1-111] Unisim Transformation Summary:
No Unisim elements were transformed.

7 Infos, 0 Warnings, 0 Critical Warnings and 0 Errors encountered.
link_design completed successfully
link_design: Time (s): cpu = 00:00:06 ; elapsed = 00:00:06 . Memory (MB): peak = 600.609 ; gain = 328.082
Command: opt_design
Attempting to get a license for feature 'Implementation' and/or device 'xc7z010'
INFO: [Common 17-349] Got license for feature 'Implementation' and/or device 'xc7z010'
Running DRC as a precondition to command opt_design

Starting DRC Task
INFO: [DRC 23-27] Running DRC with 2 threads
INFO: [Project 1-461] DRC finished with 0 Errors
INFO: [Project 1-462] Please refer to the DRC report (report_drc) for more information.

Time (s): cpu = 00:00:01 ; elapsed = 00:00:00.730 . Memory (MB): peak = 608.473 ; gain = 7.863

Starting Cache Timing Information Task
INFO: [Timing 38-35] Done setting XDC timing constraints.
INFO: [Timing 38-2] Deriving generated clocks
Ending Cache Timing Information Task | Checksum: 16377ed0e

Time (s): cpu = 00:00:08 ; elapsed = 00:00:08 . Memory (MB): peak = 1145.891 ; gain = 537.418

Starting Logic Optimization Task

Phase 1 Retarget
INFO: [Opt 31-138] Pushed 0 inverter(s) to 0 load pin(s).
INFO: [Opt 31-49] Retargeted 0 cell(s).
Phase 1 Retarget | Checksum: 1a8c5363c

Time (s): cpu = 00:00:00 ; elapsed = 00:00:00.039 . Memory (MB): peak = 1241.563 ; gain = 0.000
INFO: [Opt 31-389] Phase Retarget created 0 cells and removed 1 cells
INFO: [Opt 31-1021] In phase Retarget, 1 netlist objects are constrained preventing optimization. Please run opt_design with -debug_log to get more detail. 

Phase 2 Constant propagation
INFO: [Opt 31-138] Pushed 0 inverter(s) to 0 load pin(s).
Phase 2 Constant propagation | Checksum: 1bafde6ab

Time (s): cpu = 00:00:00 ; elapsed = 00:00:00.047 . Memory (MB): peak = 1241.563 ; gain = 0.000
INFO: [Opt 31-389] Phase Constant propagation created 0 cells and removed 0 cells

Phase 3 Sweep
Phase 3 Sweep | Checksum: 104fe8668

Time (s): cpu = 00:00:00 ; elapsed = 00:00:00.059 . Memory (MB): peak = 1241.563 ; gain = 0.000
INFO: [Opt 31-389] Phase Sweep created 0 cells and removed 0 cells

Phase 4 BUFG optimization
INFO: [Opt 31-194] Inserted BUFG syncgen/pckgen/iPCK_BUFG_inst to drive 0 load(s) on clock net syncgen/pckgen/iPCK_BUFG
INFO: [Opt 31-193] Inserted 1 BUFG(s) on clock nets
Phase 4 BUFG optimization | Checksum: 1183764d6

Time (s): cpu = 00:00:00 ; elapsed = 00:00:00.065 . Memory (MB): peak = 1241.563 ; gain = 0.000
INFO: [Opt 31-662] Phase BUFG optimization created 0 cells of which 0 are BUFGs and removed 0 cells.

Phase 5 Shift Register Optimization
Phase 5 Shift Register Optimization | Checksum: 140f8e0d8

Time (s): cpu = 00:00:00 ; elapsed = 00:00:00.085 . Memory (MB): peak = 1241.563 ; gain = 0.000
INFO: [Opt 31-389] Phase Shift Register Optimization created 0 cells and removed 0 cells

Phase 6 Post Processing Netlist
Phase 6 Post Processing Netlist | Checksum: aad796d7

Time (s): cpu = 00:00:00 ; elapsed = 00:00:00.089 . Memory (MB): peak = 1241.563 ; gain = 0.000
INFO: [Opt 31-389] Phase Post Processing Netlist created 0 cells and removed 0 cells
Opt_design Change Summary
=========================


-------------------------------------------------------------------------------------------------------------------------
|  Phase                        |  #Cells created  |  #Cells Removed  |  #Constrained objects preventing optimizations  |
-------------------------------------------------------------------------------------------------------------------------
|  Retarget                     |               0  |               1  |                                              1  |
|  Constant propagation         |               0  |               0  |                                              0  |
|  Sweep                        |               0  |               0  |                                              0  |
|  BUFG optimization            |               0  |               0  |                                              0  |
|  Shift Register Optimization  |               0  |               0  |                                              0  |
|  Post Processing Netlist      |               0  |               0  |                                              0  |
-------------------------------------------------------------------------------------------------------------------------



Starting Connectivity Check Task

Time (s): cpu = 00:00:00 ; elapsed = 00:00:00.001 . Memory (MB): peak = 1241.563 ; gain = 0.000
Ending Logic Optimization Task | Checksum: aad796d7

Time (s): cpu = 00:00:00 ; elapsed = 00:00:00.093 . Memory (MB): peak = 1241.563 ; gain = 0.000

Starting Power Optimization Task
INFO: [Pwropt 34-132] Skipping clock gating for clocks with a period < 2.00 ns.
Ending Power Optimization Task | Checksum: aad796d7

Time (s): cpu = 00:00:00 ; elapsed = 00:00:00.011 . Memory (MB): peak = 1241.563 ; gain = 0.000

Starting Final Cleanup Task
Ending Final Cleanup Task | Checksum: aad796d7

Time (s): cpu = 00:00:00 ; elapsed = 00:00:00 . Memory (MB): peak = 1241.563 ; gain = 0.000

Starting Netlist Obfuscation Task
Netlist sorting complete. Time (s): cpu = 00:00:00 ; elapsed = 00:00:00 . Memory (MB): peak = 1241.563 ; gain = 0.000
Ending Netlist Obfuscation Task | Checksum: aad796d7

Time (s): cpu = 00:00:00 ; elapsed = 00:00:00 . Memory (MB): peak = 1241.563 ; gain = 0.000
INFO: [Common 17-83] Releasing license: Implementation
27 Infos, 0 Warnings, 0 Critical Warnings and 0 Errors encountered.
opt_design completed successfully
opt_design: Time (s): cpu = 00:00:10 ; elapsed = 00:00:10 . Memory (MB): peak = 1241.563 ; gain = 640.953
Netlist sorting complete. Time (s): cpu = 00:00:00 ; elapsed = 00:00:00 . Memory (MB): peak = 1241.563 ; gain = 0.000
INFO: [Timing 38-480] Writing timing data to binary archive.
Writing placer database...
Writing XDEF routing.
Writing XDEF routing logical nets.
Writing XDEF routing special nets.
Write XDEF Complete: Time (s): cpu = 00:00:00 ; elapsed = 00:00:00.051 . Memory (MB): peak = 1241.563 ; gain = 0.000
Netlist sorting complete. Time (s): cpu = 00:00:00 ; elapsed = 00:00:00 . Memory (MB): peak = 1241.563 ; gain = 0.000
INFO: [Common 17-1381] The checkpoint 'C:/Users/fumi/Zybo/practice_VGA/practice_VGA.runs/impl_1/gradation_opt.dcp' has been generated.
INFO: [runtcl-4] Executing : report_drc -file gradation_drc_opted.rpt -pb gradation_drc_opted.pb -rpx gradation_drc_opted.rpx
Command: report_drc -file gradation_drc_opted.rpt -pb gradation_drc_opted.pb -rpx gradation_drc_opted.rpx
INFO: [IP_Flow 19-234] Refreshing IP repositories
INFO: [IP_Flow 19-1704] No user IP repositories specified
INFO: [IP_Flow 19-2313] Loaded Vivado IP repository 'C:/Xilinx/Vivado/2018.3/data/ip'.
INFO: [DRC 23-27] Running DRC with 2 threads
INFO: [Coretcl 2-168] The results of DRC are in file C:/Users/fumi/Zybo/practice_VGA/practice_VGA.runs/impl_1/gradation_drc_opted.rpt.
report_drc completed successfully
Command: place_design
Attempting to get a license for feature 'Implementation' and/or device 'xc7z010'
INFO: [Common 17-349] Got license for feature 'Implementation' and/or device 'xc7z010'
INFO: [DRC 23-27] Running DRC with 2 threads
INFO: [Vivado_Tcl 4-198] DRC finished with 0 Errors
INFO: [Vivado_Tcl 4-199] Please refer to the DRC report (report_drc) for more information.
Running DRC as a precondition to command place_design
INFO: [DRC 23-27] Running DRC with 2 threads
INFO: [Vivado_Tcl 4-198] DRC finished with 0 Errors
INFO: [Vivado_Tcl 4-199] Please refer to the DRC report (report_drc) for more information.

Starting Placer Task
INFO: [Place 30-611] Multithreading enabled for place_design using a maximum of 2 CPUs

Phase 1 Placer Initialization

Phase 1.1 Placer Initialization Netlist Sorting
Netlist sorting complete. Time (s): cpu = 00:00:00 ; elapsed = 00:00:00 . Memory (MB): peak = 1241.563 ; gain = 0.000
Phase 1.1 Placer Initialization Netlist Sorting | Checksum: 9bba73d4

Time (s): cpu = 00:00:00 ; elapsed = 00:00:00.015 . Memory (MB): peak = 1241.563 ; gain = 0.000
Netlist sorting complete. Time (s): cpu = 00:00:00 ; elapsed = 00:00:00 . Memory (MB): peak = 1241.563 ; gain = 0.000

Phase 1.2 IO Placement/ Clock Placement/ Build Placer Device
INFO: [Timing 38-35] Done setting XDC timing constraints.
Phase 1.2 IO Placement/ Clock Placement/ Build Placer Device | Checksum: 93af1064

Time (s): cpu = 00:00:00 ; elapsed = 00:00:00.352 . Memory (MB): peak = 1254.898 ; gain = 13.336

Phase 1.3 Build Placer Netlist Model
Phase 1.3 Build Placer Netlist Model | Checksum: 1715a7d90

Time (s): cpu = 00:00:00 ; elapsed = 00:00:00.534 . Memory (MB): peak = 1262.547 ; gain = 20.984

Phase 1.4 Constrain Clocks/Macros
Phase 1.4 Constrain Clocks/Macros | Checksum: 1715a7d90

Time (s): cpu = 00:00:00 ; elapsed = 00:00:00.537 . Memory (MB): peak = 1262.547 ; gain = 20.984
Phase 1 Placer Initialization | Checksum: 1715a7d90

Time (s): cpu = 00:00:00 ; elapsed = 00:00:00.542 . Memory (MB): peak = 1262.547 ; gain = 20.984

Phase 2 Global Placement

Phase 2.1 Floorplanning
Phase 2.1 Floorplanning | Checksum: 12f5077e7

Time (s): cpu = 00:00:00 ; elapsed = 00:00:00.595 . Memory (MB): peak = 1262.547 ; gain = 20.984

Phase 2.2 Physical Synthesis In Placer
INFO: [Physopt 32-65] No nets found for high-fanout optimization.
INFO: [Physopt 32-232] Optimized 0 net. Created 0 new instance.
INFO: [Physopt 32-775] End 1 Pass. Optimized 0 net or cell. Created 0 new cell, deleted 0 existing cell and moved 0 existing cell
INFO: [Physopt 32-670] No setup violation found.  DSP Register Optimization was not performed.
INFO: [Physopt 32-670] No setup violation found.  Shift Register Optimization was not performed.
INFO: [Physopt 32-670] No setup violation found.  BRAM Register Optimization was not performed.
INFO: [Physopt 32-949] No candidate nets found for HD net replication
INFO: [Physopt 32-775] End 1 Pass. Optimized 0 net or cell. Created 0 new cell, deleted 0 existing cell and moved 0 existing cell
Netlist sorting complete. Time (s): cpu = 00:00:00 ; elapsed = 00:00:00 . Memory (MB): peak = 1262.547 ; gain = 0.000

Summary of Physical Synthesis Optimizations
============================================


----------------------------------------------------------------------------------------------------------------------------------------
|  Optimization                  |  Added Cells  |  Removed Cells  |  Optimized Cells/Nets  |  Dont Touch  |  Iterations  |  Elapsed   |
----------------------------------------------------------------------------------------------------------------------------------------
|  Very High Fanout              |            0  |              0  |                     0  |           0  |           1  |  00:00:00  |
|  DSP Register                  |            0  |              0  |                     0  |           0  |           0  |  00:00:00  |
|  Shift Register                |            0  |              0  |                     0  |           0  |           0  |  00:00:00  |
|  BRAM Register                 |            0  |              0  |                     0  |           0  |           0  |  00:00:00  |
|  HD Interface Net Replication  |            0  |              0  |                     0  |           0  |           1  |  00:00:00  |
|  Total                         |            0  |              0  |                     0  |           0  |           2  |  00:00:00  |
----------------------------------------------------------------------------------------------------------------------------------------


Phase 2.2 Physical Synthesis In Placer | Checksum: d95b6262

Time (s): cpu = 00:00:01 ; elapsed = 00:00:01 . Memory (MB): peak = 1262.547 ; gain = 20.984
Phase 2 Global Placement | Checksum: 16b54bf7e

Time (s): cpu = 00:00:01 ; elapsed = 00:00:01 . Memory (MB): peak = 1262.547 ; gain = 20.984

Phase 3 Detail Placement

Phase 3.1 Commit Multi Column Macros
Phase 3.1 Commit Multi Column Macros | Checksum: 16b54bf7e

Time (s): cpu = 00:00:01 ; elapsed = 00:00:01 . Memory (MB): peak = 1262.547 ; gain = 20.984

Phase 3.2 Commit Most Macros & LUTRAMs
Phase 3.2 Commit Most Macros & LUTRAMs | Checksum: 103769cdc

Time (s): cpu = 00:00:01 ; elapsed = 00:00:01 . Memory (MB): peak = 1262.547 ; gain = 20.984

Phase 3.3 Area Swap Optimization
Phase 3.3 Area Swap Optimization | Checksum: 12942063a

Time (s): cpu = 00:00:01 ; elapsed = 00:00:01 . Memory (MB): peak = 1262.547 ; gain = 20.984

Phase 3.4 Pipeline Register Optimization
Phase 3.4 Pipeline Register Optimization | Checksum: 17b48626c

Time (s): cpu = 00:00:01 ; elapsed = 00:00:01 . Memory (MB): peak = 1262.547 ; gain = 20.984

Phase 3.5 Small Shape Detail Placement
Phase 3.5 Small Shape Detail Placement | Checksum: f6ab0c86

Time (s): cpu = 00:00:01 ; elapsed = 00:00:01 . Memory (MB): peak = 1262.547 ; gain = 20.984

Phase 3.6 Re-assign LUT pins
Phase 3.6 Re-assign LUT pins | Checksum: 118467d97

Time (s): cpu = 00:00:01 ; elapsed = 00:00:01 . Memory (MB): peak = 1262.547 ; gain = 20.984

Phase 3.7 Pipeline Register Optimization
Phase 3.7 Pipeline Register Optimization | Checksum: e7206349

Time (s): cpu = 00:00:01 ; elapsed = 00:00:01 . Memory (MB): peak = 1262.547 ; gain = 20.984
Phase 3 Detail Placement | Checksum: e7206349

Time (s): cpu = 00:00:01 ; elapsed = 00:00:01 . Memory (MB): peak = 1262.547 ; gain = 20.984

Phase 4 Post Placement Optimization and Clean-Up

Phase 4.1 Post Commit Optimization
INFO: [Timing 38-35] Done setting XDC timing constraints.

Phase 4.1.1 Post Placement Optimization
Post Placement Optimization Initialization | Checksum: fcbf5b35

Phase 4.1.1.1 BUFG Insertion
INFO: [Place 46-46] BUFG insertion identified 0 candidate nets, 0 success, 0 bufg driver replicated, 0 skipped for placement/routing, 0 skipped for timing, 0 skipped for netlist change reason
Phase 4.1.1.1 BUFG Insertion | Checksum: fcbf5b35

Time (s): cpu = 00:00:01 ; elapsed = 00:00:01 . Memory (MB): peak = 1262.547 ; gain = 20.984
INFO: [Place 30-746] Post Placement Timing Summary WNS=33.698. For the most accurate timing information please run report_timing.
Phase 4.1.1 Post Placement Optimization | Checksum: 131721e4d

Time (s): cpu = 00:00:01 ; elapsed = 00:00:01 . Memory (MB): peak = 1262.547 ; gain = 20.984
Phase 4.1 Post Commit Optimization | Checksum: 131721e4d

Time (s): cpu = 00:00:01 ; elapsed = 00:00:01 . Memory (MB): peak = 1262.547 ; gain = 20.984

Phase 4.2 Post Placement Cleanup
Phase 4.2 Post Placement Cleanup | Checksum: 131721e4d

Time (s): cpu = 00:00:01 ; elapsed = 00:00:01 . Memory (MB): peak = 1262.547 ; gain = 20.984

Phase 4.3 Placer Reporting
Phase 4.3 Placer Reporting | Checksum: 131721e4d

Time (s): cpu = 00:00:01 ; elapsed = 00:00:01 . Memory (MB): peak = 1262.547 ; gain = 20.984

Phase 4.4 Final Placement Cleanup
Netlist sorting complete. Time (s): cpu = 00:00:00 ; elapsed = 00:00:00 . Memory (MB): peak = 1262.547 ; gain = 0.000
Phase 4.4 Final Placement Cleanup | Checksum: 1a6ab7a61

Time (s): cpu = 00:00:01 ; elapsed = 00:00:01 . Memory (MB): peak = 1262.547 ; gain = 20.984
Phase 4 Post Placement Optimization and Clean-Up | Checksum: 1a6ab7a61

Time (s): cpu = 00:00:01 ; elapsed = 00:00:01 . Memory (MB): peak = 1262.547 ; gain = 20.984
Ending Placer Task | Checksum: e40f6b89

Time (s): cpu = 00:00:01 ; elapsed = 00:00:01 . Memory (MB): peak = 1262.547 ; gain = 20.984
INFO: [Common 17-83] Releasing license: Implementation
56 Infos, 0 Warnings, 0 Critical Warnings and 0 Errors encountered.
place_design completed successfully
Netlist sorting complete. Time (s): cpu = 00:00:00 ; elapsed = 00:00:00 . Memory (MB): peak = 1262.547 ; gain = 0.000
INFO: [Timing 38-480] Writing timing data to binary archive.
Writing placer database...
Writing XDEF routing.
Writing XDEF routing logical nets.
Writing XDEF routing special nets.
Write XDEF Complete: Time (s): cpu = 00:00:01 ; elapsed = 00:00:00.061 . Memory (MB): peak = 1263.496 ; gain = 0.949
Netlist sorting complete. Time (s): cpu = 00:00:00 ; elapsed = 00:00:00 . Memory (MB): peak = 1263.496 ; gain = 0.000
INFO: [Common 17-1381] The checkpoint 'C:/Users/fumi/Zybo/practice_VGA/practice_VGA.runs/impl_1/gradation_placed.dcp' has been generated.
INFO: [runtcl-4] Executing : report_io -file gradation_io_placed.rpt
report_io: Time (s): cpu = 00:00:00 ; elapsed = 00:00:00.052 . Memory (MB): peak = 1264.082 ; gain = 0.000
INFO: [runtcl-4] Executing : report_utilization -file gradation_utilization_placed.rpt -pb gradation_utilization_placed.pb
INFO: [runtcl-4] Executing : report_control_sets -verbose -file gradation_control_sets_placed.rpt
report_control_sets: Time (s): cpu = 00:00:00 ; elapsed = 00:00:00.005 . Memory (MB): peak = 1264.082 ; gain = 0.000
Command: route_design
Attempting to get a license for feature 'Implementation' and/or device 'xc7z010'
INFO: [Common 17-349] Got license for feature 'Implementation' and/or device 'xc7z010'
Running DRC as a precondition to command route_design
INFO: [DRC 23-27] Running DRC with 2 threads
INFO: [Vivado_Tcl 4-198] DRC finished with 0 Errors
INFO: [Vivado_Tcl 4-199] Please refer to the DRC report (report_drc) for more information.


Starting Routing Task
INFO: [Route 35-254] Multithreading enabled for route_design using a maximum of 2 CPUs
Checksum: PlaceDB: 36d0c320 ConstDB: 0 ShapeSum: ad3ea869 RouteDB: 0

Phase 1 Build RT Design
Phase 1 Build RT Design | Checksum: 48e86a52

Time (s): cpu = 00:00:13 ; elapsed = 00:00:11 . Memory (MB): peak = 1340.984 ; gain = 76.902
Post Restoration Checksum: NetGraph: 14baea70 NumContArr: 342d7fe2 Constraints: 0 Timing: 0

Phase 2 Router Initialization

Phase 2.1 Create Timer
Phase 2.1 Create Timer | Checksum: 48e86a52

Time (s): cpu = 00:00:13 ; elapsed = 00:00:11 . Memory (MB): peak = 1369.230 ; gain = 105.148

Phase 2.2 Fix Topology Constraints
Phase 2.2 Fix Topology Constraints | Checksum: 48e86a52

Time (s): cpu = 00:00:13 ; elapsed = 00:00:11 . Memory (MB): peak = 1375.258 ; gain = 111.176

Phase 2.3 Pre Route Cleanup
Phase 2.3 Pre Route Cleanup | Checksum: 48e86a52

Time (s): cpu = 00:00:13 ; elapsed = 00:00:11 . Memory (MB): peak = 1375.258 ; gain = 111.176
 Number of Nodes with overlaps = 0

Phase 2.4 Update Timing
Phase 2.4 Update Timing | Checksum: 21103809b

Time (s): cpu = 00:00:13 ; elapsed = 00:00:12 . Memory (MB): peak = 1378.375 ; gain = 114.293
INFO: [Route 35-416] Intermediate Timing Summary | WNS=33.816 | TNS=0.000  | WHS=-0.092 | THS=-0.512 |

Phase 2 Router Initialization | Checksum: 24ea0145d

Time (s): cpu = 00:00:13 ; elapsed = 00:00:12 . Memory (MB): peak = 1378.375 ; gain = 114.293

Phase 3 Initial Routing
Phase 3 Initial Routing | Checksum: 135126901

Time (s): cpu = 00:00:13 ; elapsed = 00:00:12 . Memory (MB): peak = 1379.418 ; gain = 115.336

Phase 4 Rip-up And Reroute

Phase 4.1 Global Iteration 0
 Number of Nodes with overlaps = 7
 Number of Nodes with overlaps = 0
INFO: [Route 35-416] Intermediate Timing Summary | WNS=32.134 | TNS=0.000  | WHS=N/A    | THS=N/A    |

Phase 4.1 Global Iteration 0 | Checksum: 45f2c485

Time (s): cpu = 00:00:13 ; elapsed = 00:00:12 . Memory (MB): peak = 1379.422 ; gain = 115.340

Phase 4.2 Global Iteration 1
 Number of Nodes with overlaps = 1
 Number of Nodes with overlaps = 0
INFO: [Route 35-416] Intermediate Timing Summary | WNS=32.134 | TNS=0.000  | WHS=N/A    | THS=N/A    |

Phase 4.2 Global Iteration 1 | Checksum: 18c273aa3

Time (s): cpu = 00:00:13 ; elapsed = 00:00:12 . Memory (MB): peak = 1379.422 ; gain = 115.340
Phase 4 Rip-up And Reroute | Checksum: 18c273aa3

Time (s): cpu = 00:00:13 ; elapsed = 00:00:12 . Memory (MB): peak = 1379.422 ; gain = 115.340

Phase 5 Delay and Skew Optimization

Phase 5.1 Delay CleanUp
Phase 5.1 Delay CleanUp | Checksum: 18c273aa3

Time (s): cpu = 00:00:13 ; elapsed = 00:00:12 . Memory (MB): peak = 1379.422 ; gain = 115.340

Phase 5.2 Clock Skew Optimization
Phase 5.2 Clock Skew Optimization | Checksum: 18c273aa3

Time (s): cpu = 00:00:13 ; elapsed = 00:00:12 . Memory (MB): peak = 1379.422 ; gain = 115.340
Phase 5 Delay and Skew Optimization | Checksum: 18c273aa3

Time (s): cpu = 00:00:13 ; elapsed = 00:00:12 . Memory (MB): peak = 1379.422 ; gain = 115.340

Phase 6 Post Hold Fix

Phase 6.1 Hold Fix Iter

Phase 6.1.1 Update Timing
Phase 6.1.1 Update Timing | Checksum: 1cc6cb156

Time (s): cpu = 00:00:13 ; elapsed = 00:00:12 . Memory (MB): peak = 1379.422 ; gain = 115.340
INFO: [Route 35-416] Intermediate Timing Summary | WNS=32.285 | TNS=0.000  | WHS=0.211  | THS=0.000  |

Phase 6.1 Hold Fix Iter | Checksum: 120efddd9

Time (s): cpu = 00:00:13 ; elapsed = 00:00:12 . Memory (MB): peak = 1379.422 ; gain = 115.340
Phase 6 Post Hold Fix | Checksum: 120efddd9

Time (s): cpu = 00:00:13 ; elapsed = 00:00:12 . Memory (MB): peak = 1379.422 ; gain = 115.340

Phase 7 Route finalize

Router Utilization Summary
  Global Vertical Routing Utilization    = 0.0456081 %
  Global Horizontal Routing Utilization  = 0.0342371 %
  Routable Net Status*
  *Does not include unroutable nets such as driverless and loadless.
  Run report_route_status for detailed report.
  Number of Failed Nets               = 0
  Number of Unrouted Nets             = 0
  Number of Partially Routed Nets     = 0
  Number of Node Overlaps             = 0

Phase 7 Route finalize | Checksum: 11ec87271

Time (s): cpu = 00:00:13 ; elapsed = 00:00:12 . Memory (MB): peak = 1379.422 ; gain = 115.340

Phase 8 Verifying routed nets

 Verification completed successfully
Phase 8 Verifying routed nets | Checksum: 11ec87271

Time (s): cpu = 00:00:13 ; elapsed = 00:00:12 . Memory (MB): peak = 1381.430 ; gain = 117.348

Phase 9 Depositing Routes
Phase 9 Depositing Routes | Checksum: 19f554aeb

Time (s): cpu = 00:00:13 ; elapsed = 00:00:12 . Memory (MB): peak = 1381.430 ; gain = 117.348

Phase 10 Post Router Timing
INFO: [Route 35-57] Estimated Timing Summary | WNS=32.285 | TNS=0.000  | WHS=0.211  | THS=0.000  |

INFO: [Route 35-327] The final timing numbers are based on the router estimated timing analysis. For a complete and accurate timing signoff, please run report_timing_summary.
Phase 10 Post Router Timing | Checksum: 19f554aeb

Time (s): cpu = 00:00:13 ; elapsed = 00:00:12 . Memory (MB): peak = 1381.430 ; gain = 117.348
INFO: [Route 35-16] Router Completed Successfully

Time (s): cpu = 00:00:13 ; elapsed = 00:00:12 . Memory (MB): peak = 1381.430 ; gain = 117.348

Routing Is Done.
INFO: [Common 17-83] Releasing license: Implementation
74 Infos, 0 Warnings, 0 Critical Warnings and 0 Errors encountered.
route_design completed successfully
route_design: Time (s): cpu = 00:00:14 ; elapsed = 00:00:13 . Memory (MB): peak = 1381.430 ; gain = 117.348
Netlist sorting complete. Time (s): cpu = 00:00:00 ; elapsed = 00:00:00 . Memory (MB): peak = 1381.430 ; gain = 0.000
INFO: [Timing 38-480] Writing timing data to binary archive.
Writing placer database...
Writing XDEF routing.
Writing XDEF routing logical nets.
Writing XDEF routing special nets.
Write XDEF Complete: Time (s): cpu = 00:00:00 ; elapsed = 00:00:00.069 . Memory (MB): peak = 1381.609 ; gain = 0.180
Netlist sorting complete. Time (s): cpu = 00:00:00 ; elapsed = 00:00:00 . Memory (MB): peak = 1381.609 ; gain = 0.000
INFO: [Common 17-1381] The checkpoint 'C:/Users/fumi/Zybo/practice_VGA/practice_VGA.runs/impl_1/gradation_routed.dcp' has been generated.
INFO: [runtcl-4] Executing : report_drc -file gradation_drc_routed.rpt -pb gradation_drc_routed.pb -rpx gradation_drc_routed.rpx
Command: report_drc -file gradation_drc_routed.rpt -pb gradation_drc_routed.pb -rpx gradation_drc_routed.rpx
INFO: [IP_Flow 19-1839] IP Catalog is up to date.
INFO: [DRC 23-27] Running DRC with 2 threads
INFO: [Coretcl 2-168] The results of DRC are in file C:/Users/fumi/Zybo/practice_VGA/practice_VGA.runs/impl_1/gradation_drc_routed.rpt.
report_drc completed successfully
INFO: [runtcl-4] Executing : report_methodology -file gradation_methodology_drc_routed.rpt -pb gradation_methodology_drc_routed.pb -rpx gradation_methodology_drc_routed.rpx
Command: report_methodology -file gradation_methodology_drc_routed.rpt -pb gradation_methodology_drc_routed.pb -rpx gradation_methodology_drc_routed.rpx
INFO: [Timing 38-35] Done setting XDC timing constraints.
INFO: [DRC 23-133] Running Methodology with 2 threads
INFO: [Coretcl 2-1520] The results of Report Methodology are in file C:/Users/fumi/Zybo/practice_VGA/practice_VGA.runs/impl_1/gradation_methodology_drc_routed.rpt.
report_methodology completed successfully
INFO: [runtcl-4] Executing : report_power -file gradation_power_routed.rpt -pb gradation_power_summary_routed.pb -rpx gradation_power_routed.rpx
Command: report_power -file gradation_power_routed.rpt -pb gradation_power_summary_routed.pb -rpx gradation_power_routed.rpx
INFO: [Timing 38-35] Done setting XDC timing constraints.
Running Vector-less Activity Propagation...

Finished Running Vector-less Activity Propagation
86 Infos, 0 Warnings, 0 Critical Warnings and 0 Errors encountered.
report_power completed successfully
INFO: [runtcl-4] Executing : report_route_status -file gradation_route_status.rpt -pb gradation_route_status.pb
INFO: [runtcl-4] Executing : report_timing_summary -max_paths 10 -file gradation_timing_summary_routed.rpt -pb gradation_timing_summary_routed.pb -rpx gradation_timing_summary_routed.rpx -warn_on_violation 
INFO: [Timing 38-91] UpdateTimingParams: Speed grade: -1, Delay Type: min_max.
INFO: [Timing 38-191] Multithreading enabled for timing update using a maximum of 2 CPUs
INFO: [runtcl-4] Executing : report_incremental_reuse -file gradation_incremental_reuse_routed.rpt
INFO: [Vivado_Tcl 4-1062] Incremental flow is disabled. No incremental reuse Info to report.
INFO: [runtcl-4] Executing : report_clock_utilization -file gradation_clock_utilization_routed.rpt
INFO: [runtcl-4] Executing : report_bus_skew -warn_on_violation -file gradation_bus_skew_routed.rpt -pb gradation_bus_skew_routed.pb -rpx gradation_bus_skew_routed.rpx
INFO: [Timing 38-91] UpdateTimingParams: Speed grade: -1, Delay Type: min_max.
INFO: [Timing 38-191] Multithreading enabled for timing update using a maximum of 2 CPUs
Command: write_bitstream -force gradation.bit
Attempting to get a license for feature 'Implementation' and/or device 'xc7z010'
INFO: [Common 17-349] Got license for feature 'Implementation' and/or device 'xc7z010'
Running DRC as a precondition to command write_bitstream
INFO: [IP_Flow 19-1839] IP Catalog is up to date.
INFO: [DRC 23-27] Running DRC with 2 threads
WARNING: [DRC ZPS7-1] PS7 block required: The PS7 cell must be used in this Zynq design in order to enable correct default configuration.
INFO: [Vivado 12-3199] DRC finished with 0 Errors, 1 Warnings
INFO: [Vivado 12-3200] Please refer to the DRC report (report_drc) for more information.
INFO: [Designutils 20-2272] Running write_bitstream with 2 threads.
Loading data files...
Loading site data...
Loading route data...
Processing options...
Creating bitmap...
Creating bitstream...
Writing bitstream ./gradation.bit...
INFO: [Vivado 12-1842] Bitgen Completed Successfully.
INFO: [Project 1-120] WebTalk data collection is mandatory when using a WebPACK part without a full Vivado license. To see the specific WebTalk data collected for your design, open the usage_statistics_webtalk.html or usage_statistics_webtalk.xml file in the implementation directory.
INFO: [Common 17-186] 'C:/Users/fumi/Zybo/practice_VGA/practice_VGA.runs/impl_1/usage_statistics_webtalk.xml' has been successfully sent to Xilinx on Thu Jul 18 20:18:56 2019. For additional details about this file, please refer to the WebTalk help file at C:/Xilinx/Vivado/2018.3/doc/webtalk_introduction.html.
INFO: [Common 17-83] Releasing license: Implementation
106 Infos, 1 Warnings, 0 Critical Warnings and 0 Errors encountered.
write_bitstream completed successfully
write_bitstream: Time (s): cpu = 00:00:11 ; elapsed = 00:00:12 . Memory (MB): peak = 1818.203 ; gain = 401.551
INFO: [Common 17-206] Exiting Vivado at Thu Jul 18 20:18:56 2019...
